SmashRotation/app/build/outputs/logs/manifest-merger-release-report.txt
-- Merging decision tree log ---
manifest
ADDED from src\main\AndroidManifest.xml:2:1-46:12
	package
		ADDED from src\main\AndroidManifest.xml:3:5-35
		INJECTED from src\main\AndroidManifest.xml
		INJECTED from src\main\AndroidManifest.xml
	android:versionName
		ADDED from src\main\AndroidManifest.xml:5:5-33
		INJECTED from src\main\AndroidManifest.xml
		INJECTED from src\main\AndroidManifest.xml
	android:versionCode
		ADDED from src\main\AndroidManifest.xml:4:5-31
		INJECTED from src\main\AndroidManifest.xml
		INJECTED from src\main\AndroidManifest.xml
	xmlns:android
		ADDED from src\main\AndroidManifest.xml:2:11-69
uses-sdk
ADDED from src\main\AndroidManifest.xml:7:5-9:41
MERGED from [com.facebook.android:facebook-android-sdk:4.16.0] AndroidManifest.xml:24:5-26:41
MERGED from [com.android.support:support-v4:24.0.0] AndroidManifest.xml:21:5-23:54
MERGED from [com.android.support:appcompat-v7:23.4.0] AndroidManifest.xml:21:5-23:78
MERGED from [com.android.support:animated-vector-drawable:23.4.0] AndroidManifest.xml:5:5-44
MERGED from [com.android.support:support-vector-drawable:23.4.0] AndroidManifest.xml:5:5-43
MERGED from [com.android.support:cardview-v7:23.4.0] AndroidManifest.xml:20:5-43
MERGED from [com.android.support:customtabs:23.4.0] AndroidManifest.xml:20:5-44
MERGED from [com.google.firebase:firebase-ads:9.6.1] AndroidManifest.xml:4:5-42
MERGED from [com.google.android.gms:play-services-ads:9.6.1] AndroidManifest.xml:17:5-42
MERGED from [com.google.android.gms:play-services-ads-lite:9.6.1] AndroidManifest.xml:22:5-42
MERGED from [com.google.android.gms:play-services-basement:9.6.1] AndroidManifest.xml:17:5-42
MERGED from [com.google.android.gms:play-services-base:9.6.1] AndroidManifest.xml:17:5-42
MERGED from [com.google.android.gms:play-services-tasks:9.6.1] AndroidManifest.xml:3:5-42
MERGED from [com.google.android.gms:play-services-clearcut:9.6.1] AndroidManifest.xml:17:5-42
MERGED from [com.google.android.gms:play-services-gass:9.6.1] AndroidManifest.xml:3:5-42
MERGED from [com.google.firebase:firebase-analytics:9.6.1] AndroidManifest.xml:17:5-42
MERGED from [com.google.firebase:firebase-common:9.6.1] AndroidManifest.xml:3:5-42
MERGED from [com.google.firebase:firebase-analytics-impl:9.6.1] AndroidManifest.xml:17:5-42
MERGED from [com.google.firebase:firebase-iid:9.6.1] AndroidManifest.xml:17:5-42
MERGED from [com.google.firebase:firebase-core:9.6.1] AndroidManifest.xml:4:5-42
	tools:overrideLibrary
		ADDED from [com.android.support:support-v4:24.0.0] AndroidManifest.xml:23:9-51
	android:targetSdkVersion
		ADDED from src\main\AndroidManifest.xml:9:9-38
		INJECTED from src\main\AndroidManifest.xml
		INJECTED from src\main\AndroidManifest.xml
	android:minSdkVersion
		ADDED from src\main\AndroidManifest.xml:8:9-35
		INJECTED from src\main\AndroidManifest.xml
		INJECTED from src\main\AndroidManifest.xml
uses-permission#android.permission.INTERNET
ADDED from src\main\AndroidManifest.xml:11:5-67
MERGED from [com.google.android.gms:play-services-ads-lite:9.6.1] AndroidManifest.xml:19:5-66
MERGED from [com.google.firebase:firebase-analytics:9.6.1] AndroidManifest.xml:20:5-66
MERGED from [com.google.firebase:firebase-analytics-impl:9.6.1] AndroidManifest.xml:20:5-66
MERGED from [com.google.firebase:firebase-iid:9.6.1] AndroidManifest.xml:20:5-66
	android:name
		ADDED from src\main\AndroidManifest.xml:11:22-64
uses-permission#android.permission.ACCESS_FINE_LOCATION
ADDED from src\main\AndroidManifest.xml:12:5-79
	android:name
		ADDED from src\main\AndroidManifest.xml:12:22-76
uses-permission#android.permission.ACCESS_NETWORK_STATE
ADDED from src\main\AndroidManifest.xml:13:5-78
MERGED from [com.google.android.gms:play-services-ads-lite:9.6.1] AndroidManifest.xml:20:5-78
MERGED from [com.google.firebase:firebase-analytics:9.6.1] AndroidManifest.xml:21:5-78
MERGED from [com.google.firebase:firebase-analytics-impl:9.6.1] AndroidManifest.xml:21:5-78
MERGED from [com.google.firebase:firebase-iid:9.6.1] AndroidManifest.xml:19:5-78
	android:name
		ADDED from src\main\AndroidManifest.xml:13:22-76
uses-permission#com.android.vending.BILLING
ADDED from src\main\AndroidManifest.xml:14:5-67
	android:name
		ADDED from src\main\AndroidManifest.xml:14:22-64
application
ADDED from src\main\AndroidManifest.xml:16:5-44:19
MERGED from [com.facebook.android:facebook-android-sdk:4.16.0] AndroidManifest.xml:28:5-38:19
MERGED from [com.android.support:support-v4:24.0.0] AndroidManifest.xml:25:5-20
MERGED from [com.android.support:appcompat-v7:23.4.0] AndroidManifest.xml:25:5-20
MERGED from [com.android.support:animated-vector-drawable:23.4.0] AndroidManifest.xml:7:5-20
MERGED from [com.android.support:support-vector-drawable:23.4.0] AndroidManifest.xml:7:5-20
MERGED from [com.android.support:cardview-v7:23.4.0] AndroidManifest.xml:22:5-20
MERGED from [com.android.support:customtabs:23.4.0] AndroidManifest.xml:22:5-20
MERGED from [com.google.firebase:firebase-ads:9.6.1] AndroidManifest.xml:5:5-20
MERGED from [com.google.android.gms:play-services-ads-lite:9.6.1] AndroidManifest.xml:23:5-27:19
MERGED from [com.google.android.gms:play-services-basement:9.6.1] AndroidManifest.xml:19:5-21:19
MERGED from [com.google.android.gms:play-services-base:9.6.1] AndroidManifest.xml:18:5-20:19
MERGED from [com.google.android.gms:play-services-tasks:9.6.1] AndroidManifest.xml:4:5-19
MERGED from [com.google.android.gms:play-services-clearcut:9.6.1] AndroidManifest.xml:18:5-19
MERGED from [com.google.android.gms:play-services-gass:9.6.1] AndroidManifest.xml:4:5-19
MERGED from [com.google.firebase:firebase-analytics:9.6.1] AndroidManifest.xml:24:5-33:19
MERGED from [com.google.firebase:firebase-common:9.6.1] AndroidManifest.xml:4:5-7:19
MERGED from [com.google.firebase:firebase-analytics-impl:9.6.1] AndroidManifest.xml:24:5-28:19
MERGED from [com.google.firebase:firebase-iid:9.6.1] AndroidManifest.xml:28:5-50:19
MERGED from [com.google.firebase:firebase-core:9.6.1] AndroidManifest.xml:5:5-20
	android:label
		ADDED from src\main\AndroidManifest.xml:19:9-41
	android:allowBackup
		ADDED from src\main\AndroidManifest.xml:17:9-35
	android:icon
		ADDED from src\main\AndroidManifest.xml:18:9-45
	android:theme
		ADDED from src\main\AndroidManifest.xml:20:9-68
activity#br.com.tick.rotation.SmashRotationActivity
ADDED from src\main\AndroidManifest.xml:21:9-32:20
	android:screenOrientation
		ADDED from src\main\AndroidManifest.xml:25:13-49
	android:label
		ADDED from src\main\AndroidManifest.xml:24:13-45
	android:windowSoftInputMode
		ADDED from src\main\AndroidManifest.xml:26:13-54
	android:configChanges
		ADDED from src\main\AndroidManifest.xml:23:13-48
	android:name
		ADDED from src\main\AndroidManifest.xml:22:13-70
intent-filter#android.intent.action.MAIN+android.intent.category.LAUNCHER
ADDED from src\main\AndroidManifest.xml:27:13-31:29
action#android.intent.action.MAIN
ADDED from src\main\AndroidManifest.xml:28:17-69
	android:name
		ADDED from src\main\AndroidManifest.xml:28:25-66
category#android.intent.category.LAUNCHER
ADDED from src\main\AndroidManifest.xml:30:17-77
	android:name
		ADDED from src\main\AndroidManifest.xml:30:27-74
meta-data#com.facebook.sdk.ApplicationId
ADDED from src\main\AndroidManifest.xml:43:9-98
	android:value
		ADDED from src\main\AndroidManifest.xml:43:66-96
	android:name
		ADDED from src\main\AndroidManifest.xml:43:20-65
activity#com.facebook.FacebookActivity
ADDED from [com.facebook.android:facebook-android-sdk:4.16.0] AndroidManifest.xml:29:9-32:66
	android:configChanges
		ADDED from [com.facebook.android:facebook-android-sdk:4.16.0] AndroidManifest.xml:31:13-96
	android:theme
		ADDED from [com.facebook.android:facebook-android-sdk:4.16.0] AndroidManifest.xml:32:13-63
	android:name
		ADDED from [com.facebook.android:facebook-android-sdk:4.16.0] AndroidManifest.xml:30:13-57
activity#com.facebook.CustomTabActivity
ADDED from [com.facebook.android:facebook-android-sdk:4.16.0] AndroidManifest.xml:33:9-36:20
	android:exported
		ADDED from [com.facebook.android:facebook-android-sdk:4.16.0] AndroidManifest.xml:35:13-36
	android:name
		ADDED from [com.facebook.android:facebook-android-sdk:4.16.0] AndroidManifest.xml:34:13-58
activity#com.facebook.CustomTabMainActivity
ADDED from [com.facebook.android:facebook-android-sdk:4.16.0] AndroidManifest.xml:37:9-71
	android:name
		ADDED from [com.facebook.android:facebook-android-sdk:4.16.0] AndroidManifest.xml:37:19-68
activity#com.google.android.gms.ads.AdActivity
ADDED from [com.google.android.gms:play-services-ads-lite:9.6.1] AndroidManifest.xml:25:9-232
	android:configChanges
		ADDED from [com.google.android.gms:play-services-ads-lite:9.6.1] AndroidManifest.xml:25:72-181
	android:theme
		ADDED from [com.google.android.gms:play-services-ads-lite:9.6.1] AndroidManifest.xml:25:182-230
	android:name
		ADDED from [com.google.android.gms:play-services-ads-lite:9.6.1] AndroidManifest.xml:25:19-71
activity#com.google.android.gms.ads.purchase.InAppPurchaseActivity
ADDED from [com.google.android.gms:play-services-ads-lite:9.6.1] AndroidManifest.xml:26:9-131
	android:theme
		ADDED from [com.google.android.gms:play-services-ads-lite:9.6.1] AndroidManifest.xml:26:92-129
	android:name
		ADDED from [com.google.android.gms:play-services-ads-lite:9.6.1] AndroidManifest.xml:26:19-91
meta-data#com.google.android.gms.version
ADDED from [com.google.android.gms:play-services-basement:9.6.1] AndroidManifest.xml:20:9-121
	android:value
		ADDED from [com.google.android.gms:play-services-basement:9.6.1] AndroidManifest.xml:20:66-119
	android:name
		ADDED from [com.google.android.gms:play-services-basement:9.6.1] AndroidManifest.xml:20:20-65
activity#com.google.android.gms.common.api.GoogleApiActivity
ADDED from [com.google.android.gms:play-services-base:9.6.1] AndroidManifest.xml:19:9-172
	android:exported
		ADDED from [com.google.android.gms:play-services-base:9.6.1] AndroidManifest.xml:19:146-170
	android:theme
		ADDED from [com.google.android.gms:play-services-base:9.6.1] AndroidManifest.xml:19:86-145
	android:name
		ADDED from [com.google.android.gms:play-services-base:9.6.1] AndroidManifest.xml:19:19-85
uses-permission#android.permission.WAKE_LOCK
ADDED from [com.google.firebase:firebase-analytics:9.6.1] AndroidManifest.xml:22:5-67
MERGED from [com.google.firebase:firebase-analytics-impl:9.6.1] AndroidManifest.xml:22:5-67
MERGED from [com.google.firebase:firebase-iid:9.6.1] AndroidManifest.xml:21:5-67
	android:name
		ADDED from [com.google.firebase:firebase-analytics:9.6.1] AndroidManifest.xml:22:22-65
receiver#com.google.android.gms.measurement.AppMeasurementReceiver
ADDED from [com.google.firebase:firebase-analytics:9.6.1] AndroidManifest.xml:25:7-26:18
MERGED from [com.google.firebase:firebase-analytics-impl:9.6.1] AndroidManifest.xml:25:7-26:18
	android:enabled
		ADDED from [com.google.firebase:firebase-analytics:9.6.1] AndroidManifest.xml:25:90-112
	android:exported
		ADDED from [com.google.firebase:firebase-analytics:9.6.1] AndroidManifest.xml:25:113-137
	android:name
		ADDED from [com.google.firebase:firebase-analytics:9.6.1] AndroidManifest.xml:25:17-89
receiver#com.google.android.gms.measurement.AppMeasurementInstallReferrerReceiver
ADDED from [com.google.firebase:firebase-analytics:9.6.1] AndroidManifest.xml:27:7-31:18
	android:enabled
		ADDED from [com.google.firebase:firebase-analytics:9.6.1] AndroidManifest.xml:27:162-184
	android:permission
		ADDED from [com.google.firebase:firebase-analytics:9.6.1] AndroidManifest.xml:27:105-161
	android:name
		ADDED from [com.google.firebase:firebase-analytics:9.6.1] AndroidManifest.xml:27:17-104
intent-filter#com.android.vending.INSTALL_REFERRER
ADDED from [com.google.firebase:firebase-analytics:9.6.1] AndroidManifest.xml:28:11-30:27
action#com.android.vending.INSTALL_REFERRER
ADDED from [com.google.firebase:firebase-analytics:9.6.1] AndroidManifest.xml:29:15-76
	android:name
		ADDED from [com.google.firebase:firebase-analytics:9.6.1] AndroidManifest.xml:29:23-74
service#com.google.android.gms.measurement.AppMeasurementService
ADDED from [com.google.firebase:firebase-analytics:9.6.1] AndroidManifest.xml:32:7-137
MERGED from [com.google.firebase:firebase-analytics-impl:9.6.1] AndroidManifest.xml:27:7-137
	android:enabled
		ADDED from [com.google.firebase:firebase-analytics:9.6.1] AndroidManifest.xml:32:88-110
	android:exported
		ADDED from [com.google.firebase:firebase-analytics:9.6.1] AndroidManifest.xml:32:111-135
	android:name
		ADDED from [com.google.firebase:firebase-analytics:9.6.1] AndroidManifest.xml:32:16-87
provider#com.google.firebase.provider.FirebaseInitProvider
ADDED from [com.google.firebase:firebase-common:9.6.1] AndroidManifest.xml:6:9-175
	android:authorities
		ADDED from [com.google.firebase:firebase-common:9.6.1] AndroidManifest.xml:6:19-78
	android:exported
		ADDED from [com.google.firebase:firebase-common:9.6.1] AndroidManifest.xml:6:125-149
	android:initOrder
		ADDED from [com.google.firebase:firebase-common:9.6.1] AndroidManifest.xml:6:150-173
	android:name
		ADDED from [com.google.firebase:firebase-common:9.6.1] AndroidManifest.xml:6:79-124
uses-permission#com.google.android.c2dm.permission.RECEIVE
ADDED from [com.google.firebase:firebase-iid:9.6.1] AndroidManifest.xml:22:5-81
	android:name
		ADDED from [com.google.firebase:firebase-iid:9.6.1] AndroidManifest.xml:22:22-79
permission#${applicationId}.permission.C2D_MESSAGE
ADDED from [com.google.firebase:firebase-iid:9.6.1] AndroidManifest.xml:24:5-109
	android:protectionLevel
		ADDED from [com.google.firebase:firebase-iid:9.6.1] AndroidManifest.xml:24:72-107
	android:name
		ADDED from [com.google.firebase:firebase-iid:9.6.1] AndroidManifest.xml:24:17-71
uses-permission#${applicationId}.permission.C2D_MESSAGE
ADDED from [com.google.firebase:firebase-iid:9.6.1] AndroidManifest.xml:26:5-78
	android:name
		ADDED from [com.google.firebase:firebase-iid:9.6.1] AndroidManifest.xml:26:22-76
receiver#com.google.firebase.iid.FirebaseInstanceIdReceiver
ADDED from [com.google.firebase:firebase-iid:9.6.1] AndroidManifest.xml:30:9-36:20
	android:exported
		ADDED from [com.google.firebase:firebase-iid:9.6.1] AndroidManifest.xml:30:85-108
	android:permission
		ADDED from [com.google.firebase:firebase-iid:9.6.1] AndroidManifest.xml:30:109-169
	android:name
		ADDED from [com.google.firebase:firebase-iid:9.6.1] AndroidManifest.xml:30:19-84
intent-filter#${applicationId}+com.google.android.c2dm.intent.RECEIVE+com.google.android.c2dm.intent.REGISTRATION
ADDED from [com.google.firebase:firebase-iid:9.6.1] AndroidManifest.xml:31:13-35:29
action#com.google.android.c2dm.intent.RECEIVE
ADDED from [com.google.firebase:firebase-iid:9.6.1] AndroidManifest.xml:32:17-80
	android:name
		ADDED from [com.google.firebase:firebase-iid:9.6.1] AndroidManifest.xml:32:25-78
action#com.google.android.c2dm.intent.REGISTRATION
ADDED from [com.google.firebase:firebase-iid:9.6.1] AndroidManifest.xml:33:17-85
	android:name
		ADDED from [com.google.firebase:firebase-iid:9.6.1] AndroidManifest.xml:33:25-83
category#${applicationId}
ADDED from [com.google.firebase:firebase-iid:9.6.1] AndroidManifest.xml:34:17-60
	android:name
		ADDED from [com.google.firebase:firebase-iid:9.6.1] AndroidManifest.xml:34:27-58
receiver#com.google.firebase.iid.FirebaseInstanceIdInternalReceiver
ADDED from [com.google.firebase:firebase-iid:9.6.1] AndroidManifest.xml:40:9-119
	android:exported
		ADDED from [com.google.firebase:firebase-iid:9.6.1] AndroidManifest.xml:40:93-117
	android:name
		ADDED from [com.google.firebase:firebase-iid:9.6.1] AndroidManifest.xml:40:19-92
service#com.google.firebase.iid.FirebaseInstanceIdService
ADDED from [com.google.firebase:firebase-iid:9.6.1] AndroidManifest.xml:44:9-48:19
	android:exported
		ADDED from [com.google.firebase:firebase-iid:9.6.1] AndroidManifest.xml:44:83-106
	android:name
		ADDED from [com.google.firebase:firebase-iid:9.6.1] AndroidManifest.xml:44:18-82
intent-filter#com.google.firebase.INSTANCE_ID_EVENT
ADDED from [com.google.firebase:firebase-iid:9.6.1] AndroidManifest.xml:45:13-47:29
	android:priority
		ADDED from [com.google.firebase:firebase-iid:9.6.1] AndroidManifest.xml:45:28-51
action#com.google.firebase.INSTANCE_ID_EVENT
ADDED from [com.google.firebase:firebase-iid:9.6.1] AndroidManifest.xml:46:17-79
	android:name
		ADDED from [com.google.firebase:firebase-iid:9.6.1] AndroidManifest.xml:46:25-77